<?xml version="1.0" encoding="UTF-8"?>
<testng-results skipped="0" failed="0" ignored="0" total="1" passed="1">
  <reporter-output>
  </reporter-output>
  <suite name="Default suite" duration-ms="356" started-at="2021-10-11T17:08:56 IST" finished-at="2021-10-11T17:08:56 IST">
    <groups>
    </groups>
    <test name="Default test" duration-ms="356" started-at="2021-10-11T17:08:56 IST" finished-at="2021-10-11T17:08:56 IST">
      <class name="com.runner.PostApiTest">
        <test-method status="PASS" signature="setUp()[pri:0, instance:com.runner.PostApiTest@396f6598]" name="setUp" is-config="true" duration-ms="6" started-at="2021-10-11T17:08:56 IST" finished-at="2021-10-11T17:08:56 IST">
          <reporter-output>
          </reporter-output>
        </test-method> <!-- setUp -->
        <test-method status="PASS" signature="postApitest()[pri:0, instance:com.runner.PostApiTest@396f6598]" name="postApitest" duration-ms="289" started-at="2021-10-11T17:08:56 IST" finished-at="2021-10-11T17:08:56 IST">
          <reporter-output>
          </reporter-output>
        </test-method> <!-- postApitest -->
      </class> <!-- com.runner.PostApiTest -->
    </test> <!-- Default test -->
  </suite> <!-- Default suite -->
</testng-results>
